-------------------------------------------------------------------------------
Test set: dev.abarmin.velosiped.task6.VelosipedJsonParserTest
-------------------------------------------------------------------------------
Tests run: 3, Failures: 0, Errors: 3, Skipped: 0, Time elapsed: 0.001 s <<< FAILURE! - in dev.abarmin.velosiped.task6.VelosipedJsonParserTest
parseJson{int, int}[1]  Time elapsed: 0 s  <<< ERROR!
java.lang.RuntimeException: java.lang.ClassNotFoundException: dev.abarmin.velosiped.task6.VelosipedJsonParserImpl
	at dev.abarmin.velosiped.task6.VelosipedJsonParserTest.<init>(VelosipedJsonParserTest.java:13)
Caused by: java.lang.ClassNotFoundException: dev.abarmin.velosiped.task6.VelosipedJsonParserImpl
	at dev.abarmin.velosiped.task6.VelosipedJsonParserTest.<init>(VelosipedJsonParserTest.java:13)

parseJson{int, int}[2]  Time elapsed: 0.001 s  <<< ERROR!
java.lang.RuntimeException: java.lang.ClassNotFoundException: dev.abarmin.velosiped.task6.VelosipedJsonParserImpl
	at dev.abarmin.velosiped.task6.VelosipedJsonParserTest.<init>(VelosipedJsonParserTest.java:13)
Caused by: java.lang.ClassNotFoundException: dev.abarmin.velosiped.task6.VelosipedJsonParserImpl
	at dev.abarmin.velosiped.task6.VelosipedJsonParserTest.<init>(VelosipedJsonParserTest.java:13)

parseJson{int, int}[3]  Time elapsed: 0 s  <<< ERROR!
java.lang.RuntimeException: java.lang.ClassNotFoundException: dev.abarmin.velosiped.task6.VelosipedJsonParserImpl
	at dev.abarmin.velosiped.task6.VelosipedJsonParserTest.<init>(VelosipedJsonParserTest.java:13)
Caused by: java.lang.ClassNotFoundException: dev.abarmin.velosiped.task6.VelosipedJsonParserImpl
	at dev.abarmin.velosiped.task6.VelosipedJsonParserTest.<init>(VelosipedJsonParserTest.java:13)

