<?xml version="1.0" encoding="UTF-8"?>
<testsuite xmlns:xsi="http://www.w3.org/2001/XMLSchema-instance"
           xsi:noNamespaceSchemaLocation="https://maven.apache.org/surefire/maven-surefire-plugin/xsd/surefire-test-report.xsd"
           name="dev.abarmin.velosiped.task3.VelosipedTask3Test"
           time="0.026" tests="3" errors="3" skipped="0" failures="0">
  <properties>
[...]
</properties>
  <testcase name="check_calculation{int, int}[1]" classname="dev.abarmin.velosiped.task3.VelosipedTask3Test" time="0.001">
    <error message="java.lang.ClassNotFoundException: dev.abarmin.velosiped.task1.VelosipedTask1Impl" type="java.lang.RuntimeException"><![CDATA[java.lang.RuntimeException: java.lang.ClassNotFoundException: dev.abarmin.velosiped.task1.VelosipedTask1Impl
	at dev.abarmin.velosiped.task3.VelosipedTask3Test.<init>(VelosipedTask3Test.java:22)
Caused by: java.lang.ClassNotFoundException: dev.abarmin.velosiped.task1.VelosipedTask1Impl
	at dev.abarmin.velosiped.task3.VelosipedTask3Test.<init>(VelosipedTask3Test.java:22)
]]></error>
  </testcase>
  <testcase name="check_calculation{int, int}[2]" classname="dev.abarmin.velosiped.task3.VelosipedTask3Test" time="0">
    <error message="java.lang.ClassNotFoundException: dev.abarmin.velosiped.task1.VelosipedTask1Impl" type="java.lang.RuntimeException"><![CDATA[java.lang.RuntimeException: java.lang.ClassNotFoundException: dev.abarmin.velosiped.task1.VelosipedTask1Impl
	at dev.abarmin.velosiped.task3.VelosipedTask3Test.<init>(VelosipedTask3Test.java:22)
Caused by: java.lang.ClassNotFoundException: dev.abarmin.velosiped.task1.VelosipedTask1Impl
	at dev.abarmin.velosiped.task3.VelosipedTask3Test.<init>(VelosipedTask3Test.java:22)
]]></error>
  </testcase>
  <testcase name="check_calculation{int, int}[3]" classname="dev.abarmin.velosiped.task3.VelosipedTask3Test" time="0.001">
    <error message="java.lang.ClassNotFoundException: dev.abarmin.velosiped.task1.VelosipedTask1Impl" type="java.lang.RuntimeException"><![CDATA[java.lang.RuntimeException: java.lang.ClassNotFoundException: dev.abarmin.velosiped.task1.VelosipedTask1Impl
	at dev.abarmin.velosiped.task3.VelosipedTask3Test.<init>(VelosipedTask3Test.java:22)
Caused by: java.lang.ClassNotFoundException: dev.abarmin.velosiped.task1.VelosipedTask1Impl
	at dev.abarmin.velosiped.task3.VelosipedTask3Test.<init>(VelosipedTask3Test.java:22)
]]></error>
  </testcase>
</testsuite>