<?xml version="1.0" encoding="UTF-8"?>
<testsuite xmlns:xsi="http://www.w3.org/2001/XMLSchema-instance"
           xsi:noNamespaceSchemaLocation="https://maven.apache.org/surefire/maven-surefire-plugin/xsd/surefire-test-report.xsd"
           name="dev.abarmin.velosiped.task3.VelosipedTask3Test"
           time="0.026" tests="3" errors="3" skipped="0" failures="0">
  <properties>
    <property name="awt.toolkit" value="sun.awt.X11.XToolkit"/>
    <property name="java.specification.version" value="11"/>
    <property name="sun.cpu.isalist" value=""/>
    <property name="sun.jnu.encoding" value="UTF-8"/>
    <property name="java.class.path" value="/home/runner/work/epam-velosiped-challenge-simple-public/epam-velosiped-challenge-simple-public/target/test-classes:/home/runner/work/epam-velosiped-challenge-simple-public/epam-velosiped-challenge-simple-public/target/classes:/home/runner/.m2/repository/org/junit/jupiter/junit-jupiter/5.8.2/junit-jupiter-5.8.2.jar:/home/runner/.m2/repository/org/junit/jupiter/junit-jupiter-api/5.8.2/junit-jupiter-api-5.8.2.jar:/home/runner/.m2/repository/org/opentest4j/opentest4j/1.2.0/opentest4j-1.2.0.jar:/home/runner/.m2/repository/org/junit/platform/junit-platform-commons/1.8.2/junit-platform-commons-1.8.2.jar:/home/runner/.m2/repository/org/apiguardian/apiguardian-api/1.1.2/apiguardian-api-1.1.2.jar:/home/runner/.m2/repository/org/junit/jupiter/junit-jupiter-params/5.8.2/junit-jupiter-params-5.8.2.jar:/home/runner/.m2/repository/org/junit/jupiter/junit-jupiter-engine/5.8.2/junit-jupiter-engine-5.8.2.jar:/home/runner/.m2/repository/org/junit/platform/junit-platform-engine/1.8.2/junit-platform-engine-1.8.2.jar:"/>
    <property name="java.vm.vendor" value="AdoptOpenJDK"/>
    <property name="sun.arch.data.model" value="64"/>
    <property name="java.vendor.url" value="https://adoptopenjdk.net/"/>
    <property name="user.timezone" value=""/>
    <property name="java.vm.specification.version" value="11"/>
    <property name="os.name" value="Linux"/>
    <property name="sun.java.launcher" value="SUN_STANDARD"/>
    <property name="sun.boot.library.path" value="/usr/lib/jvm/adoptopenjdk-11-hotspot-amd64/lib"/>
    <property name="sun.java.command" value="/home/runner/work/epam-velosiped-challenge-simple-public/epam-velosiped-challenge-simple-public/target/surefire/surefirebooter17830753641609771306.jar /home/runner/work/epam-velosiped-challenge-simple-public/epam-velosiped-challenge-simple-public/target/surefire 2021-12-07T11-25-04_119-jvmRun1 surefire15485881085937177611tmp surefire_02741978909848869411tmp"/>
    <property name="jdk.debug" value="release"/>
    <property name="surefire.test.class.path" value="/home/runner/work/epam-velosiped-challenge-simple-public/epam-velosiped-challenge-simple-public/target/test-classes:/home/runner/work/epam-velosiped-challenge-simple-public/epam-velosiped-challenge-simple-public/target/classes:/home/runner/.m2/repository/org/junit/jupiter/junit-jupiter/5.8.2/junit-jupiter-5.8.2.jar:/home/runner/.m2/repository/org/junit/jupiter/junit-jupiter-api/5.8.2/junit-jupiter-api-5.8.2.jar:/home/runner/.m2/repository/org/opentest4j/opentest4j/1.2.0/opentest4j-1.2.0.jar:/home/runner/.m2/repository/org/junit/platform/junit-platform-commons/1.8.2/junit-platform-commons-1.8.2.jar:/home/runner/.m2/repository/org/apiguardian/apiguardian-api/1.1.2/apiguardian-api-1.1.2.jar:/home/runner/.m2/repository/org/junit/jupiter/junit-jupiter-params/5.8.2/junit-jupiter-params-5.8.2.jar:/home/runner/.m2/repository/org/junit/jupiter/junit-jupiter-engine/5.8.2/junit-jupiter-engine-5.8.2.jar:/home/runner/.m2/repository/org/junit/platform/junit-platform-engine/1.8.2/junit-platform-engine-1.8.2.jar:"/>
    <property name="sun.cpu.endian" value="little"/>
    <property name="user.home" value="/home/runner"/>
    <property name="user.language" value="en"/>
    <property name="java.specification.vendor" value="Oracle Corporation"/>
    <property name="java.version.date" value="2021-04-20"/>
    <property name="java.home" value="/usr/lib/jvm/adoptopenjdk-11-hotspot-amd64"/>
    <property name="file.separator" value="/"/>
    <property name="basedir" value="/home/runner/work/epam-velosiped-challenge-simple-public/epam-velosiped-challenge-simple-public"/>
    <property name="java.vm.compressedOopsMode" value="32-bit"/>
    <property name="line.separator" value="&#10;"/>
    <property name="java.specification.name" value="Java Platform API Specification"/>
    <property name="java.vm.specification.vendor" value="Oracle Corporation"/>
    <property name="java.awt.graphicsenv" value="sun.awt.X11GraphicsEnvironment"/>
    <property name="surefire.real.class.path" value="/home/runner/work/epam-velosiped-challenge-simple-public/epam-velosiped-challenge-simple-public/target/surefire/surefirebooter17830753641609771306.jar"/>
    <property name="sun.management.compiler" value="HotSpot 64-Bit Tiered Compilers"/>
    <property name="java.runtime.version" value="11.0.11+9"/>
    <property name="user.name" value="runner"/>
    <property name="path.separator" value=":"/>
    <property name="os.version" value="5.11.0-1021-azure"/>
    <property name="java.runtime.name" value="OpenJDK Runtime Environment"/>
    <property name="file.encoding" value="UTF-8"/>
    <property name="java.vm.name" value="OpenJDK 64-Bit Server VM"/>
    <property name="java.vendor.version" value="AdoptOpenJDK-11.0.11+9"/>
    <property name="localRepository" value="/home/runner/.m2/repository"/>
    <property name="java.vendor.url.bug" value="https://github.com/AdoptOpenJDK/openjdk-support/issues"/>
    <property name="java.io.tmpdir" value="/tmp"/>
    <property name="java.version" value="11.0.11"/>
    <property name="user.dir" value="/home/runner/work/epam-velosiped-challenge-simple-public/epam-velosiped-challenge-simple-public"/>
    <property name="os.arch" value="amd64"/>
    <property name="java.vm.specification.name" value="Java Virtual Machine Specification"/>
    <property name="java.awt.printerjob" value="sun.print.PSPrinterJob"/>
    <property name="sun.os.patch.level" value="unknown"/>
    <property name="java.library.path" value="/usr/java/packages/lib:/usr/lib64:/lib64:/lib:/usr/lib"/>
    <property name="java.vm.info" value="mixed mode"/>
    <property name="java.vendor" value="AdoptOpenJDK"/>
    <property name="java.vm.version" value="11.0.11+9"/>
    <property name="sun.io.unicode.encoding" value="UnicodeLittle"/>
    <property name="java.class.version" value="55.0"/>
  </properties>
  <testcase name="check_calculation{int, int}[1]" classname="dev.abarmin.velosiped.task3.VelosipedTask3Test" time="0.001">
    <error message="java.lang.ClassNotFoundException: dev.abarmin.velosiped.task1.VelosipedTask1Impl" type="java.lang.RuntimeException"><![CDATA[java.lang.RuntimeException: java.lang.ClassNotFoundException: dev.abarmin.velosiped.task1.VelosipedTask1Impl
	at dev.abarmin.velosiped.task3.VelosipedTask3Test.<init>(VelosipedTask3Test.java:22)
Caused by: java.lang.ClassNotFoundException: dev.abarmin.velosiped.task1.VelosipedTask1Impl
	at dev.abarmin.velosiped.task3.VelosipedTask3Test.<init>(VelosipedTask3Test.java:22)
]]></error>
  </testcase>
  <testcase name="check_calculation{int, int}[2]" classname="dev.abarmin.velosiped.task3.VelosipedTask3Test" time="0">
    <error message="java.lang.ClassNotFoundException: dev.abarmin.velosiped.task1.VelosipedTask1Impl" type="java.lang.RuntimeException"><![CDATA[java.lang.RuntimeException: java.lang.ClassNotFoundException: dev.abarmin.velosiped.task1.VelosipedTask1Impl
	at dev.abarmin.velosiped.task3.VelosipedTask3Test.<init>(VelosipedTask3Test.java:22)
Caused by: java.lang.ClassNotFoundException: dev.abarmin.velosiped.task1.VelosipedTask1Impl
	at dev.abarmin.velosiped.task3.VelosipedTask3Test.<init>(VelosipedTask3Test.java:22)
]]></error>
  </testcase>
  <testcase name="check_calculation{int, int}[3]" classname="dev.abarmin.velosiped.task3.VelosipedTask3Test" time="0.001">
    <error message="java.lang.ClassNotFoundException: dev.abarmin.velosiped.task1.VelosipedTask1Impl" type="java.lang.RuntimeException"><![CDATA[java.lang.RuntimeException: java.lang.ClassNotFoundException: dev.abarmin.velosiped.task1.VelosipedTask1Impl
	at dev.abarmin.velosiped.task3.VelosipedTask3Test.<init>(VelosipedTask3Test.java:22)
Caused by: java.lang.ClassNotFoundException: dev.abarmin.velosiped.task1.VelosipedTask1Impl
	at dev.abarmin.velosiped.task3.VelosipedTask3Test.<init>(VelosipedTask3Test.java:22)
]]></error>
  </testcase>
</testsuite>